<?xml version="1.0" encoding="UTF-8"?>
<!-- Generated by org.testng.reporters.JUnitXMLReporter -->
<testsuite ignored="3" hostname="DESKTOP-V0EA2I1" failures="0" tests="8" name="Inet Banking Test" time="70.418" errors="0" timestamp="2023-04-02T22:03:38 IST">
  <testcase classname="com.inetbanking.testCases.TC_LoginDDT_002" name="Invalidlogin" time="4.04"/>
  <testcase classname="com.inetbanking.testCases.TC_LoginDDT_002" name="Invalidlogin" time="1.779"/>
  <testcase classname="com.inetbanking.testCases.TC_LoginDDT_002" name="Invalidlogin" time="1.686"/>
  <testcase classname="com.inetbanking.testCases.TC_LoginDDT_002" name="Invalidlogin" time="1.627"/>
  <testcase classname="com.inetbanking.testCases.TC_LoginDDT_002" name="logintest2" time="0.396"/>
  <testcase classname="com.inetbanking.testCases.TC_EditCustomer_004" name="EditCustomer" time="14.122"/>
  <testcase classname="com.inetbanking.testCases.TC_AddCustomer_003" name="addCustomer" time="11.766"/>
  <testcase classname="com.inetbanking.testCases.TC_Login_001" name="logintest" time="2.092"/>
  <testcase classname="com.inetbanking.testCases.BaseClass" name="@BeforeSuite setupSuite" time="0.0">
    <ignored/>
  </testcase> <!-- @BeforeSuite setupSuite -->
  <testcase classname="com.inetbanking.testCases.BaseClass" name="@BeforeSuite setupSuite" time="0.0">
    <ignored/>
  </testcase> <!-- @BeforeSuite setupSuite -->
  <testcase classname="com.inetbanking.testCases.BaseClass" name="@BeforeSuite setupSuite" time="0.0">
    <ignored/>
  </testcase> <!-- @BeforeSuite setupSuite -->
</testsuite> <!-- Inet Banking Test -->
