<?xml version="1.0" encoding="UTF-8"?>
<!-- Generated by org.testng.reporters.JUnitXMLReporter -->
<testsuite ignored="3" hostname="DESKTOP-V0EA2I1" failures="0" tests="8" name="Inet Banking Test" time="174.523" errors="0" timestamp="2023-04-03T23:09:45 IST">
  <testcase classname="com.inetbanking.testCases.TC_Login_001" name="logintest" time="8.476"/>
  <testcase classname="com.inetbanking.testCases.TC_LoginDDT_002" name="Invalidlogin" time="4.224"/>
  <testcase classname="com.inetbanking.testCases.TC_LoginDDT_002" name="Invalidlogin" time="1.857"/>
  <testcase classname="com.inetbanking.testCases.TC_LoginDDT_002" name="Invalidlogin" time="1.988"/>
  <testcase classname="com.inetbanking.testCases.TC_LoginDDT_002" name="Invalidlogin" time="2.326"/>
  <testcase classname="com.inetbanking.testCases.TC_LoginDDT_002" name="logintest2" time="2.574"/>
  <testcase classname="com.inetbanking.testCases.TC_AddCustomer_003" name="addCustomer" time="13.453"/>
  <testcase classname="com.inetbanking.testCases.TC_EditCustomer_004" name="EditCustomer" time="10.625"/>
  <testcase classname="com.inetbanking.testCases.BaseClass" name="@BeforeSuite setupSuite" time="0.0">
    <ignored/>
  </testcase> <!-- @BeforeSuite setupSuite -->
  <testcase classname="com.inetbanking.testCases.BaseClass" name="@BeforeSuite setupSuite" time="0.0">
    <ignored/>
  </testcase> <!-- @BeforeSuite setupSuite -->
  <testcase classname="com.inetbanking.testCases.BaseClass" name="@BeforeSuite setupSuite" time="0.0">
    <ignored/>
  </testcase> <!-- @BeforeSuite setupSuite -->
</testsuite> <!-- Inet Banking Test -->
